2020-07-29 15:57:03,062 INFO org.springframework.boot.StartupInfoLogger [main] Starting UserProjectServiceApplication on YASWANTHs-MacBook-Pro.local with PID 17219 (/Users/yaswanthreddykalathuru/Desktop/GTSUSERPROJECTSERVICE/GTSUserProjects/target/classes started by yaswanthreddykalathuru in /Users/yaswanthreddykalathuru/Desktop/GTSUSERPROJECTSERVICE/GTSUserProjects)
2020-07-29 15:57:03,067 INFO org.springframework.boot.SpringApplication [main] No active profile set, falling back to default profiles: default
2020-07-29 15:57:04,173 INFO org.springframework.data.repository.config.RepositoryConfigurationDelegate [main] Bootstrapping Spring Data JPA repositories in DEFERRED mode.
2020-07-29 15:57:04,270 INFO org.springframework.data.repository.config.RepositoryConfigurationDelegate [main] Finished Spring Data repository scanning in 87ms. Found 1 JPA repository interfaces.
2020-07-29 15:57:05,172 INFO org.springframework.boot.web.embedded.tomcat.TomcatWebServer [main] Tomcat initialized with port(s): 4736 (http)
2020-07-29 15:57:05,195 INFO org.apache.juli.logging.DirectJDKLog [main] Initializing ProtocolHandler ["http-nio-4736"]
2020-07-29 15:57:05,196 INFO org.apache.juli.logging.DirectJDKLog [main] Starting service [Tomcat]
2020-07-29 15:57:05,197 INFO org.apache.juli.logging.DirectJDKLog [main] Starting Servlet engine: [Apache Tomcat/9.0.36]
2020-07-29 15:57:05,327 INFO org.apache.juli.logging.DirectJDKLog [main] Initializing Spring embedded WebApplicationContext
2020-07-29 15:57:05,329 INFO org.springframework.boot.web.servlet.context.ServletWebServerApplicationContext [main] Root WebApplicationContext: initialization completed in 2184 ms
2020-07-29 15:57:05,621 INFO org.springframework.scheduling.concurrent.ExecutorConfigurationSupport [main] Initializing ExecutorService 'applicationTaskExecutor'
2020-07-29 15:57:05,706 INFO org.hibernate.jpa.internal.util.LogHelper [task-1] HHH000204: Processing PersistenceUnitInfo [name: default]
2020-07-29 15:57:05,791 INFO org.hibernate.Version [task-1] HHH000412: Hibernate ORM core version 5.4.17.Final
2020-07-29 15:57:05,813 WARN org.springframework.boot.autoconfigure.orm.jpa.JpaBaseConfiguration$JpaWebConfiguration [main] spring.jpa.open-in-view is enabled by default. Therefore, database queries may be performed during view rendering. Explicitly configure spring.jpa.open-in-view to disable this warning
2020-07-29 15:57:06,260 INFO org.hibernate.annotations.common.reflection.java.JavaReflectionManager [task-1] HCANN000001: Hibernate Commons Annotations {5.1.0.Final}
2020-07-29 15:57:06,470 INFO com.zaxxer.hikari.HikariDataSource [task-1] HikariPool-1 - Starting...
2020-07-29 15:57:06,626 INFO org.apache.juli.logging.DirectJDKLog [main] Starting ProtocolHandler ["http-nio-4736"]
2020-07-29 15:57:06,668 INFO org.springframework.boot.web.embedded.tomcat.TomcatWebServer [main] Tomcat started on port(s): 4736 (http) with context path ''
2020-07-29 15:57:06,671 INFO org.springframework.data.repository.config.DeferredRepositoryInitializationListener [main] Triggering deferred initialization of Spring Data repositories…
2020-07-29 15:57:06,853 INFO com.zaxxer.hikari.HikariDataSource [task-1] HikariPool-1 - Start completed.
2020-07-29 15:57:06,882 INFO org.hibernate.dialect.Dialect [task-1] HHH000400: Using dialect: org.hibernate.dialect.MySQL5InnoDBDialect
2020-07-29 15:57:08,031 INFO org.hibernate.engine.transaction.jta.platform.internal.JtaPlatformInitiator [task-1] HHH000490: Using JtaPlatform implementation: [org.hibernate.engine.transaction.jta.platform.internal.NoJtaPlatform]
2020-07-29 15:57:08,044 INFO org.springframework.orm.jpa.AbstractEntityManagerFactoryBean [task-1] Initialized JPA EntityManagerFactory for persistence unit 'default'
2020-07-29 15:57:08,664 INFO org.springframework.data.repository.config.DeferredRepositoryInitializationListener [main] Spring Data repositories initialized!
2020-07-29 15:57:08,674 INFO org.springframework.boot.StartupInfoLogger [main] Started UserProjectServiceApplication in 6.48 seconds (JVM running for 6.977)
2020-07-29 15:57:13,841 INFO org.apache.juli.logging.DirectJDKLog [http-nio-4736-exec-2] Initializing Spring DispatcherServlet 'dispatcherServlet'
2020-07-29 15:57:13,846 INFO org.springframework.web.servlet.FrameworkServlet [http-nio-4736-exec-2] Initializing Servlet 'dispatcherServlet'
2020-07-29 15:57:13,888 INFO org.springframework.web.servlet.FrameworkServlet [http-nio-4736-exec-2] Completed initialization in 39 ms
2020-07-29 15:57:16,517 INFO com.assignment.userProjectService.controller.GtsUserProjectController [http-nio-4736-exec-2] projects are[GtsUserProject [gtsUserId = 1, gtsUserEmploymentType = partTime, gtsUserProjectSkillIds = 1,2,3, gtsUserRoleDescription = role is complicated to do , gtsUserRole = pyton developer, gtsUserProjectStartDate = 2020-03-03, gtsUserProjectEndDate = 2021-03-03, gtsUserProjectSite = on-site, gtsUserClient = XYZ, gtsUserProjectDescription = too much description, gtsUserDesignation = Python Developer, gtsUserProjectLocation = Mumbai,India, gtsUserTeamSize = 12, gtsUserWorkExperienceId = 2, gtsUserEmployerName = GTS], GtsUserProject [gtsUserId = 1, gtsUserEmploymentType = partTime, gtsUserProjectSkillIds = 1,2,3, gtsUserRoleDescription = role is complicated to do , gtsUserRole = pyton developer, gtsUserProjectStartDate = 2020-03-03, gtsUserProjectEndDate = 2021-03-03, gtsUserProjectSite = on-site, gtsUserClient = XYZ, gtsUserProjectDescription = too much description, gtsUserDesignation = Python Developer, gtsUserProjectLocation = Mumbai,India, gtsUserTeamSize = 12, gtsUserWorkExperienceId = 3, gtsUserEmployerName = GTS], GtsUserProject [gtsUserId = 1, gtsUserEmploymentType = partTime, gtsUserProjectSkillIds = 1,2,3, gtsUserRoleDescription = role is complicated to do , gtsUserRole = pyton developer, gtsUserProjectStartDate = 2020-03-03, gtsUserProjectEndDate = 2021-03-03, gtsUserProjectSite = on-site, gtsUserClient = XYZ, gtsUserProjectDescription = too much description, gtsUserDesignation = Python Developer, gtsUserProjectLocation = Mumbai,India, gtsUserTeamSize = 12, gtsUserWorkExperienceId = 4, gtsUserEmployerName = GTS]]
2020-07-29 15:59:08,619 INFO org.springframework.orm.jpa.AbstractEntityManagerFactoryBean [SpringContextShutdownHook] Closing JPA EntityManagerFactory for persistence unit 'default'
2020-07-29 15:59:08,622 INFO org.springframework.scheduling.concurrent.ExecutorConfigurationSupport [SpringContextShutdownHook] Shutting down ExecutorService 'applicationTaskExecutor'
2020-07-29 15:59:08,624 INFO com.zaxxer.hikari.HikariDataSource [SpringContextShutdownHook] HikariPool-1 - Shutdown initiated...
2020-07-29 15:59:08,644 INFO com.zaxxer.hikari.HikariDataSource [SpringContextShutdownHook] HikariPool-1 - Shutdown completed.
